{
    "time": "Sun, 19 Oct 2025 08:49:13 +0200",
    "server": "localhost",
    "ip": "::1",
    "errno": "2 (Warning)",
    "errstr": "Undefined variable $lang_module",
    "file": "/modules/bookmanager/admin.menu.php",
    "line": 14,
    "request": "/nukeviet-nukeviet5.0/src/admin/vi/modules/show/?mod=bookmanager",
    "method": "GET",
    "agent": "Mozilla/5.0 (Windows NT 10.0; Win64; x64) AppleWebKit/537.36 (KHTML, like Gecko) Chrome/141.0.0.0 Safari/537.36 Edg/141.0.0.0"
}
-------------------
{
    "time": "Sun, 19 Oct 2025 08:51:08 +0200",
    "server": "localhost",
    "ip": "::1",
    "errno": "2 (Warning)",
    "errstr": "Undefined array key \"main\"",
    "file": "/modules/bookmanager/admin/main.php",
    "line": 14,
    "request": "/nukeviet-nukeviet5.0/src/admin/vi/bookmanager/",
    "method": "GET",
    "agent": "Mozilla/5.0 (Windows NT 10.0; Win64; x64) AppleWebKit/537.36 (KHTML, like Gecko) Chrome/141.0.0.0 Safari/537.36 Edg/141.0.0.0"
}
-------------------
{
    "time": "Sun, 19 Oct 2025 08:51:08 +0200",
    "server": "localhost",
    "ip": "::1",
    "errno": "2 (Warning)",
    "errstr": "Undefined array key \"main\"",
    "file": "/modules/bookmanager/admin/main.php",
    "line": 16,
    "request": "/nukeviet-nukeviet5.0/src/admin/vi/bookmanager/",
    "method": "GET",
    "agent": "Mozilla/5.0 (Windows NT 10.0; Win64; x64) AppleWebKit/537.36 (KHTML, like Gecko) Chrome/141.0.0.0 Safari/537.36 Edg/141.0.0.0"
}
-------------------
{
    "time": "Sun, 19 Oct 2025 08:54:16 +0200",
    "server": "localhost",
    "ip": "::1",
    "errno": "2 (Warning)",
    "errstr": "Undefined array key \"main\"",
    "file": "/modules/bookmanager/funcs/main.php",
    "line": 14,
    "request": "/nukeviet-nukeviet5.0/src/bookmanager/",
    "method": "GET",
    "agent": "Mozilla/5.0 (Windows NT 10.0; Win64; x64) AppleWebKit/537.36 (KHTML, like Gecko) Chrome/141.0.0.0 Safari/537.36 Edg/141.0.0.0"
}
-------------------
{
    "time": "Sun, 19 Oct 2025 08:54:16 +0200",
    "server": "localhost",
    "ip": "::1",
    "errno": "2 (Warning)",
    "errstr": "Undefined array key \"main\"",
    "file": "/modules/bookmanager/funcs/main.php",
    "line": 18,
    "request": "/nukeviet-nukeviet5.0/src/bookmanager/",
    "method": "GET",
    "agent": "Mozilla/5.0 (Windows NT 10.0; Win64; x64) AppleWebKit/537.36 (KHTML, like Gecko) Chrome/141.0.0.0 Safari/537.36 Edg/141.0.0.0"
}
-------------------
{
    "time": "Sun, 19 Oct 2025 09:45:26 +0200",
    "server": "localhost",
    "ip": "::1",
    "errno": "2 (Warning)",
    "errstr": "Undefined array key \"author\"",
    "file": "/modules/bookmanager/funcs/detail.php",
    "line": 29,
    "request": "/nukeviet-nukeviet5.0/vi/bookmanager/detail/?id=1",
    "method": "GET",
    "agent": "Mozilla/5.0 (Windows NT 10.0; Win64; x64) AppleWebKit/537.36 (KHTML, like Gecko) Chrome/141.0.0.0 Safari/537.36 Edg/141.0.0.0"
}
-------------------
{
    "time": "Sun, 19 Oct 2025 09:45:26 +0200",
    "server": "localhost",
    "ip": "::1",
    "errno": "2 (Warning)",
    "errstr": "Undefined array key \"publisher\"",
    "file": "/modules/bookmanager/funcs/detail.php",
    "line": 30,
    "request": "/nukeviet-nukeviet5.0/vi/bookmanager/detail/?id=1",
    "method": "GET",
    "agent": "Mozilla/5.0 (Windows NT 10.0; Win64; x64) AppleWebKit/537.36 (KHTML, like Gecko) Chrome/141.0.0.0 Safari/537.36 Edg/141.0.0.0"
}
-------------------
{
    "time": "Sun, 19 Oct 2025 09:45:26 +0200",
    "server": "localhost",
    "ip": "::1",
    "errno": "2 (Warning)",
    "errstr": "Undefined array key \"publish_year\"",
    "file": "/modules/bookmanager/funcs/detail.php",
    "line": 31,
    "request": "/nukeviet-nukeviet5.0/vi/bookmanager/detail/?id=1",
    "method": "GET",
    "agent": "Mozilla/5.0 (Windows NT 10.0; Win64; x64) AppleWebKit/537.36 (KHTML, like Gecko) Chrome/141.0.0.0 Safari/537.36 Edg/141.0.0.0"
}
-------------------
{
    "time": "Sun, 19 Oct 2025 09:45:26 +0200",
    "server": "localhost",
    "ip": "::1",
    "errno": "2 (Warning)",
    "errstr": "Undefined array key \"isbn\"",
    "file": "/modules/bookmanager/funcs/detail.php",
    "line": 32,
    "request": "/nukeviet-nukeviet5.0/vi/bookmanager/detail/?id=1",
    "method": "GET",
    "agent": "Mozilla/5.0 (Windows NT 10.0; Win64; x64) AppleWebKit/537.36 (KHTML, like Gecko) Chrome/141.0.0.0 Safari/537.36 Edg/141.0.0.0"
}
-------------------
{
    "time": "Sun, 19 Oct 2025 09:45:26 +0200",
    "server": "localhost",
    "ip": "::1",
    "errno": "2 (Warning)",
    "errstr": "Undefined array key \"description\"",
    "file": "/modules/bookmanager/funcs/detail.php",
    "line": 33,
    "request": "/nukeviet-nukeviet5.0/vi/bookmanager/detail/?id=1",
    "method": "GET",
    "agent": "Mozilla/5.0 (Windows NT 10.0; Win64; x64) AppleWebKit/537.36 (KHTML, like Gecko) Chrome/141.0.0.0 Safari/537.36 Edg/141.0.0.0"
}
-------------------
{
    "time": "Sun, 19 Oct 2025 09:45:26 +0200",
    "server": "localhost",
    "ip": "::1",
    "errno": "2 (Warning)",
    "errstr": "Undefined array key \"back_to_list\"",
    "file": "/modules/bookmanager/funcs/detail.php",
    "line": 35,
    "request": "/nukeviet-nukeviet5.0/vi/bookmanager/detail/?id=1",
    "method": "GET",
    "agent": "Mozilla/5.0 (Windows NT 10.0; Win64; x64) AppleWebKit/537.36 (KHTML, like Gecko) Chrome/141.0.0.0 Safari/537.36 Edg/141.0.0.0"
}
-------------------
