{
    "time": "Mon, 27 Oct 2025 15:51:38 +0100",
    "server": "localhost",
    "ip": "::1",
    "errno": "2 (Warning)",
    "errstr": "Undefined array key \"stock_quantity\"",
    "file": "/modules/bookmanager/funcs/detail.php",
    "line": 64,
    "request": "/nukeviet-nukeviet5.0/vi/bookmanager/detail/?id=5",
    "method": "GET",
    "agent": "Mozilla/5.0 (Windows NT 10.0; Win64; x64) AppleWebKit/537.36 (KHTML, like Gecko) Chrome/141.0.0.0 Safari/537.36 Edg/141.0.0.0"
}
-------------------
{
    "time": "Mon, 27 Oct 2025 15:52:07 +0100",
    "server": "localhost",
    "ip": "::1",
    "errno": "2 (Warning)",
    "errstr": "Undefined array key \"price\"",
    "file": "/modules/bookmanager/admin/main.php",
    "line": 100,
    "request": "/nukeviet-nukeviet5.0/admin/vi/bookmanager/",
    "method": "GET",
    "agent": "Mozilla/5.0 (Windows NT 10.0; Win64; x64) AppleWebKit/537.36 (KHTML, like Gecko) Chrome/141.0.0.0 Safari/537.36 Edg/141.0.0.0"
}
-------------------
{
    "time": "Mon, 27 Oct 2025 15:52:07 +0100",
    "server": "localhost",
    "ip": "::1",
    "errno": "8192 (Deprecated Notice)",
    "errstr": "number_format(): Passing null to parameter #1 ($num) of type float is deprecated",
    "file": "/modules/bookmanager/admin/main.php",
    "line": 100,
    "request": "/nukeviet-nukeviet5.0/admin/vi/bookmanager/",
    "method": "GET",
    "agent": "Mozilla/5.0 (Windows NT 10.0; Win64; x64) AppleWebKit/537.36 (KHTML, like Gecko) Chrome/141.0.0.0 Safari/537.36 Edg/141.0.0.0"
}
-------------------
{
    "time": "Mon, 27 Oct 2025 15:52:07 +0100",
    "server": "localhost",
    "ip": "::1",
    "errno": "2 (Warning)",
    "errstr": "Undefined array key \"stock_quantity\"",
    "file": "/modules/bookmanager/admin/main.php",
    "line": 101,
    "request": "/nukeviet-nukeviet5.0/admin/vi/bookmanager/",
    "method": "GET",
    "agent": "Mozilla/5.0 (Windows NT 10.0; Win64; x64) AppleWebKit/537.36 (KHTML, like Gecko) Chrome/141.0.0.0 Safari/537.36 Edg/141.0.0.0"
}
-------------------
{
    "time": "Mon, 27 Oct 2025 15:52:09 +0100",
    "server": "localhost",
    "ip": "::1",
    "errno": "2 (Warning)",
    "errstr": "Undefined array key \"price\"",
    "file": "/modules/bookmanager/admin/edit.php",
    "line": 150,
    "request": "/nukeviet-nukeviet5.0/admin/vi/bookmanager/edit/?id=5",
    "method": "GET",
    "agent": "Mozilla/5.0 (Windows NT 10.0; Win64; x64) AppleWebKit/537.36 (KHTML, like Gecko) Chrome/141.0.0.0 Safari/537.36 Edg/141.0.0.0"
}
-------------------
{
    "time": "Mon, 27 Oct 2025 15:52:09 +0100",
    "server": "localhost",
    "ip": "::1",
    "errno": "2 (Warning)",
    "errstr": "Undefined array key \"stock_quantity\"",
    "file": "/modules/bookmanager/admin/edit.php",
    "line": 154,
    "request": "/nukeviet-nukeviet5.0/admin/vi/bookmanager/edit/?id=5",
    "method": "GET",
    "agent": "Mozilla/5.0 (Windows NT 10.0; Win64; x64) AppleWebKit/537.36 (KHTML, like Gecko) Chrome/141.0.0.0 Safari/537.36 Edg/141.0.0.0"
}
-------------------
