{
    "time": "Sun, 19 Oct 2025 08:49:13 +0200",
    "server": "localhost",
    "ip": "::1",
    "errno": "2 (Warning)",
    "errstr": "Undefined variable $lang_module",
    "file": "/modules/bookmanager/admin.menu.php",
    "line": 14,
    "request": "/nukeviet-nukeviet5.0/src/admin/vi/modules/show/?mod=bookmanager",
    "method": "GET",
    "agent": "Mozilla/5.0 (Windows NT 10.0; Win64; x64) AppleWebKit/537.36 (KHTML, like Gecko) Chrome/141.0.0.0 Safari/537.36 Edg/141.0.0.0"
}
-------------------
{
    "time": "Sun, 19 Oct 2025 08:51:08 +0200",
    "server": "localhost",
    "ip": "::1",
    "errno": "2 (Warning)",
    "errstr": "Undefined array key \"main\"",
    "file": "/modules/bookmanager/admin/main.php",
    "line": 14,
    "request": "/nukeviet-nukeviet5.0/src/admin/vi/bookmanager/",
    "method": "GET",
    "agent": "Mozilla/5.0 (Windows NT 10.0; Win64; x64) AppleWebKit/537.36 (KHTML, like Gecko) Chrome/141.0.0.0 Safari/537.36 Edg/141.0.0.0"
}
-------------------
{
    "time": "Sun, 19 Oct 2025 08:51:08 +0200",
    "server": "localhost",
    "ip": "::1",
    "errno": "2 (Warning)",
    "errstr": "Undefined array key \"main\"",
    "file": "/modules/bookmanager/admin/main.php",
    "line": 16,
    "request": "/nukeviet-nukeviet5.0/src/admin/vi/bookmanager/",
    "method": "GET",
    "agent": "Mozilla/5.0 (Windows NT 10.0; Win64; x64) AppleWebKit/537.36 (KHTML, like Gecko) Chrome/141.0.0.0 Safari/537.36 Edg/141.0.0.0"
}
-------------------
{
    "time": "Sun, 19 Oct 2025 08:54:16 +0200",
    "server": "localhost",
    "ip": "::1",
    "errno": "2 (Warning)",
    "errstr": "Undefined array key \"main\"",
    "file": "/modules/bookmanager/funcs/main.php",
    "line": 14,
    "request": "/nukeviet-nukeviet5.0/src/bookmanager/",
    "method": "GET",
    "agent": "Mozilla/5.0 (Windows NT 10.0; Win64; x64) AppleWebKit/537.36 (KHTML, like Gecko) Chrome/141.0.0.0 Safari/537.36 Edg/141.0.0.0"
}
-------------------
{
    "time": "Sun, 19 Oct 2025 08:54:16 +0200",
    "server": "localhost",
    "ip": "::1",
    "errno": "2 (Warning)",
    "errstr": "Undefined array key \"main\"",
    "file": "/modules/bookmanager/funcs/main.php",
    "line": 18,
    "request": "/nukeviet-nukeviet5.0/src/bookmanager/",
    "method": "GET",
    "agent": "Mozilla/5.0 (Windows NT 10.0; Win64; x64) AppleWebKit/537.36 (KHTML, like Gecko) Chrome/141.0.0.0 Safari/537.36 Edg/141.0.0.0"
}
-------------------
{
    "time": "Sun, 19 Oct 2025 09:45:26 +0200",
    "server": "localhost",
    "ip": "::1",
    "errno": "2 (Warning)",
    "errstr": "Undefined array key \"author\"",
    "file": "/modules/bookmanager/funcs/detail.php",
    "line": 29,
    "request": "/nukeviet-nukeviet5.0/vi/bookmanager/detail/?id=1",
    "method": "GET",
    "agent": "Mozilla/5.0 (Windows NT 10.0; Win64; x64) AppleWebKit/537.36 (KHTML, like Gecko) Chrome/141.0.0.0 Safari/537.36 Edg/141.0.0.0"
}
-------------------
{
    "time": "Sun, 19 Oct 2025 09:45:26 +0200",
    "server": "localhost",
    "ip": "::1",
    "errno": "2 (Warning)",
    "errstr": "Undefined array key \"publisher\"",
    "file": "/modules/bookmanager/funcs/detail.php",
    "line": 30,
    "request": "/nukeviet-nukeviet5.0/vi/bookmanager/detail/?id=1",
    "method": "GET",
    "agent": "Mozilla/5.0 (Windows NT 10.0; Win64; x64) AppleWebKit/537.36 (KHTML, like Gecko) Chrome/141.0.0.0 Safari/537.36 Edg/141.0.0.0"
}
-------------------
{
    "time": "Sun, 19 Oct 2025 09:45:26 +0200",
    "server": "localhost",
    "ip": "::1",
    "errno": "2 (Warning)",
    "errstr": "Undefined array key \"publish_year\"",
    "file": "/modules/bookmanager/funcs/detail.php",
    "line": 31,
    "request": "/nukeviet-nukeviet5.0/vi/bookmanager/detail/?id=1",
    "method": "GET",
    "agent": "Mozilla/5.0 (Windows NT 10.0; Win64; x64) AppleWebKit/537.36 (KHTML, like Gecko) Chrome/141.0.0.0 Safari/537.36 Edg/141.0.0.0"
}
-------------------
{
    "time": "Sun, 19 Oct 2025 09:45:26 +0200",
    "server": "localhost",
    "ip": "::1",
    "errno": "2 (Warning)",
    "errstr": "Undefined array key \"isbn\"",
    "file": "/modules/bookmanager/funcs/detail.php",
    "line": 32,
    "request": "/nukeviet-nukeviet5.0/vi/bookmanager/detail/?id=1",
    "method": "GET",
    "agent": "Mozilla/5.0 (Windows NT 10.0; Win64; x64) AppleWebKit/537.36 (KHTML, like Gecko) Chrome/141.0.0.0 Safari/537.36 Edg/141.0.0.0"
}
-------------------
{
    "time": "Sun, 19 Oct 2025 09:45:26 +0200",
    "server": "localhost",
    "ip": "::1",
    "errno": "2 (Warning)",
    "errstr": "Undefined array key \"description\"",
    "file": "/modules/bookmanager/funcs/detail.php",
    "line": 33,
    "request": "/nukeviet-nukeviet5.0/vi/bookmanager/detail/?id=1",
    "method": "GET",
    "agent": "Mozilla/5.0 (Windows NT 10.0; Win64; x64) AppleWebKit/537.36 (KHTML, like Gecko) Chrome/141.0.0.0 Safari/537.36 Edg/141.0.0.0"
}
-------------------
{
    "time": "Sun, 19 Oct 2025 09:45:26 +0200",
    "server": "localhost",
    "ip": "::1",
    "errno": "2 (Warning)",
    "errstr": "Undefined array key \"back_to_list\"",
    "file": "/modules/bookmanager/funcs/detail.php",
    "line": 35,
    "request": "/nukeviet-nukeviet5.0/vi/bookmanager/detail/?id=1",
    "method": "GET",
    "agent": "Mozilla/5.0 (Windows NT 10.0; Win64; x64) AppleWebKit/537.36 (KHTML, like Gecko) Chrome/141.0.0.0 Safari/537.36 Edg/141.0.0.0"
}
-------------------
{
    "time": "Sun, 19 Oct 2025 15:29:22 +0200",
    "server": "localhost",
    "ip": "::1",
    "errno": "2 (Warning)",
    "errstr": "Undefined array key \"add_book\"",
    "file": "/modules/bookmanager/admin.menu.php",
    "line": 15,
    "request": "/nukeviet-nukeviet5.0/admin/vi/bookmanager/",
    "method": "GET",
    "agent": "Mozilla/5.0 (Windows NT 10.0; Win64; x64) AppleWebKit/537.36 (KHTML, like Gecko) Chrome/141.0.0.0 Safari/537.36 Edg/141.0.0.0"
}
-------------------
{
    "time": "Sun, 19 Oct 2025 16:53:06 +0200",
    "server": "",
    "ip": "none",
    "errno": "2 (Warning)",
    "errstr": "Undefined array key \"SERVER_PROTOCOL\"",
    "file": "C:/xampp/htdocs/nukeviet-nukeviet5.0/includes/vendor/vinades/nukeviet/Core/Server.php",
    "line": 88
}
-------------------
{
    "time": "Sun, 19 Oct 2025 16:53:06 +0200",
    "server": "",
    "ip": "none",
    "errno": "8192 (Deprecated Notice)",
    "errstr": "preg_replace(): Passing null to parameter #3 ($subject) of type array|string is deprecated",
    "file": "C:/xampp/htdocs/nukeviet-nukeviet5.0/includes/vendor/vinades/nukeviet/Core/Server.php",
    "line": 88
}
-------------------
{
    "time": "Sun, 19 Oct 2025 16:53:06 +0200",
    "server": "",
    "ip": "none",
    "errno": "2 (Warning)",
    "errstr": "Undefined array key \"SERVER_PORT\"",
    "file": "C:/xampp/htdocs/nukeviet-nukeviet5.0/includes/vendor/vinades/nukeviet/Core/Server.php",
    "line": 95
}
-------------------
{
    "time": "Sun, 19 Oct 2025 16:53:06 +0200",
    "server": "",
    "ip": "none",
    "errno": "2 (Warning)",
    "errstr": "Undefined array key \"REQUEST_URI\"",
    "file": "C:/xampp/htdocs/nukeviet-nukeviet5.0/includes/mainfile.php",
    "line": 78
}
-------------------
{
    "time": "Sun, 19 Oct 2025 16:53:06 +0200",
    "server": "",
    "ip": "none",
    "errno": "8192 (Deprecated Notice)",
    "errstr": "Invalid characters passed for attempted conversion, these have been ignored",
    "file": "C:/xampp/htdocs/nukeviet-nukeviet5.0/includes/vendor/vinades/nukeviet/Core/Ips.php",
    "line": 330
}
-------------------
{
    "time": "Sun, 19 Oct 2025 23:15:39 +0200",
    "server": "localhost",
    "ip": "::1",
    "errno": "8192 (Deprecated Notice)",
    "errstr": "Zalo/ZaloApp implements the Serializable interface, which is deprecated. Implement __serialize() and __unserialize() instead (or in addition, if support for old PHP versions is necessary)",
    "file": "/includes/vendor/zaloplatform/zalo-php-sdk/src/ZaloApp.php",
    "line": 17,
    "request": "/nukeviet-nukeviet5.0/admin/vi/zalo/",
    "method": "GET",
    "agent": "Mozilla/5.0 (Windows NT 10.0; Win64; x64) AppleWebKit/537.36 (KHTML, like Gecko) Chrome/141.0.0.0 Safari/537.36 Edg/141.0.0.0"
}
-------------------
{
    "time": "Sun, 19 Oct 2025 23:25:28 +0200",
    "server": "localhost",
    "ip": "::1",
    "errno": "2 (Warning)",
    "errstr": "Undefined array key \"book_list\"",
    "file": "/modules/bookmanager/admin/main.php",
    "line": 36,
    "request": "/nukeviet-nukeviet5.0/admin/vi/bookmanager/",
    "method": "GET",
    "agent": "Mozilla/5.0 (Windows NT 10.0; Win64; x64) AppleWebKit/537.36 (KHTML, like Gecko) Chrome/141.0.0.0 Safari/537.36 Edg/141.0.0.0"
}
-------------------
{
    "time": "Sun, 19 Oct 2025 23:25:28 +0200",
    "server": "localhost",
    "ip": "::1",
    "errno": "2 (Warning)",
    "errstr": "Undefined array key \"add_book\"",
    "file": "/modules/bookmanager/admin/main.php",
    "line": 39,
    "request": "/nukeviet-nukeviet5.0/admin/vi/bookmanager/",
    "method": "GET",
    "agent": "Mozilla/5.0 (Windows NT 10.0; Win64; x64) AppleWebKit/537.36 (KHTML, like Gecko) Chrome/141.0.0.0 Safari/537.36 Edg/141.0.0.0"
}
-------------------
{
    "time": "Sun, 19 Oct 2025 23:25:28 +0200",
    "server": "localhost",
    "ip": "::1",
    "errno": "2 (Warning)",
    "errstr": "Undefined array key \"id\"",
    "file": "/modules/bookmanager/admin/main.php",
    "line": 49,
    "request": "/nukeviet-nukeviet5.0/admin/vi/bookmanager/",
    "method": "GET",
    "agent": "Mozilla/5.0 (Windows NT 10.0; Win64; x64) AppleWebKit/537.36 (KHTML, like Gecko) Chrome/141.0.0.0 Safari/537.36 Edg/141.0.0.0"
}
-------------------
{
    "time": "Sun, 19 Oct 2025 23:25:28 +0200",
    "server": "localhost",
    "ip": "::1",
    "errno": "2 (Warning)",
    "errstr": "Undefined array key \"title\"",
    "file": "/modules/bookmanager/admin/main.php",
    "line": 50,
    "request": "/nukeviet-nukeviet5.0/admin/vi/bookmanager/",
    "method": "GET",
    "agent": "Mozilla/5.0 (Windows NT 10.0; Win64; x64) AppleWebKit/537.36 (KHTML, like Gecko) Chrome/141.0.0.0 Safari/537.36 Edg/141.0.0.0"
}
-------------------
{
    "time": "Sun, 19 Oct 2025 23:25:28 +0200",
    "server": "localhost",
    "ip": "::1",
    "errno": "2 (Warning)",
    "errstr": "Undefined array key \"author\"",
    "file": "/modules/bookmanager/admin/main.php",
    "line": 51,
    "request": "/nukeviet-nukeviet5.0/admin/vi/bookmanager/",
    "method": "GET",
    "agent": "Mozilla/5.0 (Windows NT 10.0; Win64; x64) AppleWebKit/537.36 (KHTML, like Gecko) Chrome/141.0.0.0 Safari/537.36 Edg/141.0.0.0"
}
-------------------
{
    "time": "Sun, 19 Oct 2025 23:25:28 +0200",
    "server": "localhost",
    "ip": "::1",
    "errno": "2 (Warning)",
    "errstr": "Undefined array key \"publisher\"",
    "file": "/modules/bookmanager/admin/main.php",
    "line": 52,
    "request": "/nukeviet-nukeviet5.0/admin/vi/bookmanager/",
    "method": "GET",
    "agent": "Mozilla/5.0 (Windows NT 10.0; Win64; x64) AppleWebKit/537.36 (KHTML, like Gecko) Chrome/141.0.0.0 Safari/537.36 Edg/141.0.0.0"
}
-------------------
{
    "time": "Sun, 19 Oct 2025 23:25:28 +0200",
    "server": "localhost",
    "ip": "::1",
    "errno": "2 (Warning)",
    "errstr": "Undefined array key \"publish_year\"",
    "file": "/modules/bookmanager/admin/main.php",
    "line": 53,
    "request": "/nukeviet-nukeviet5.0/admin/vi/bookmanager/",
    "method": "GET",
    "agent": "Mozilla/5.0 (Windows NT 10.0; Win64; x64) AppleWebKit/537.36 (KHTML, like Gecko) Chrome/141.0.0.0 Safari/537.36 Edg/141.0.0.0"
}
-------------------
{
    "time": "Sun, 19 Oct 2025 23:25:28 +0200",
    "server": "localhost",
    "ip": "::1",
    "errno": "2 (Warning)",
    "errstr": "Undefined array key \"isbn\"",
    "file": "/modules/bookmanager/admin/main.php",
    "line": 54,
    "request": "/nukeviet-nukeviet5.0/admin/vi/bookmanager/",
    "method": "GET",
    "agent": "Mozilla/5.0 (Windows NT 10.0; Win64; x64) AppleWebKit/537.36 (KHTML, like Gecko) Chrome/141.0.0.0 Safari/537.36 Edg/141.0.0.0"
}
-------------------
{
    "time": "Sun, 19 Oct 2025 23:25:28 +0200",
    "server": "localhost",
    "ip": "::1",
    "errno": "2 (Warning)",
    "errstr": "Undefined array key \"status\"",
    "file": "/modules/bookmanager/admin/main.php",
    "line": 55,
    "request": "/nukeviet-nukeviet5.0/admin/vi/bookmanager/",
    "method": "GET",
    "agent": "Mozilla/5.0 (Windows NT 10.0; Win64; x64) AppleWebKit/537.36 (KHTML, like Gecko) Chrome/141.0.0.0 Safari/537.36 Edg/141.0.0.0"
}
-------------------
{
    "time": "Sun, 19 Oct 2025 23:25:28 +0200",
    "server": "localhost",
    "ip": "::1",
    "errno": "2 (Warning)",
    "errstr": "Undefined array key \"add_time\"",
    "file": "/modules/bookmanager/admin/main.php",
    "line": 56,
    "request": "/nukeviet-nukeviet5.0/admin/vi/bookmanager/",
    "method": "GET",
    "agent": "Mozilla/5.0 (Windows NT 10.0; Win64; x64) AppleWebKit/537.36 (KHTML, like Gecko) Chrome/141.0.0.0 Safari/537.36 Edg/141.0.0.0"
}
-------------------
{
    "time": "Sun, 19 Oct 2025 23:25:28 +0200",
    "server": "localhost",
    "ip": "::1",
    "errno": "2 (Warning)",
    "errstr": "Undefined array key \"funcs\"",
    "file": "/modules/bookmanager/admin/main.php",
    "line": 57,
    "request": "/nukeviet-nukeviet5.0/admin/vi/bookmanager/",
    "method": "GET",
    "agent": "Mozilla/5.0 (Windows NT 10.0; Win64; x64) AppleWebKit/537.36 (KHTML, like Gecko) Chrome/141.0.0.0 Safari/537.36 Edg/141.0.0.0"
}
-------------------
{
    "time": "Sun, 19 Oct 2025 23:25:28 +0200",
    "server": "localhost",
    "ip": "::1",
    "errno": "2 (Warning)",
    "errstr": "Undefined array key \"edit\"",
    "file": "/modules/bookmanager/admin/main.php",
    "line": 79,
    "request": "/nukeviet-nukeviet5.0/admin/vi/bookmanager/",
    "method": "GET",
    "agent": "Mozilla/5.0 (Windows NT 10.0; Win64; x64) AppleWebKit/537.36 (KHTML, like Gecko) Chrome/141.0.0.0 Safari/537.36 Edg/141.0.0.0"
}
-------------------
{
    "time": "Sun, 19 Oct 2025 23:25:28 +0200",
    "server": "localhost",
    "ip": "::1",
    "errno": "2 (Warning)",
    "errstr": "Undefined array key \"delete\"",
    "file": "/modules/bookmanager/admin/main.php",
    "line": 82,
    "request": "/nukeviet-nukeviet5.0/admin/vi/bookmanager/",
    "method": "GET",
    "agent": "Mozilla/5.0 (Windows NT 10.0; Win64; x64) AppleWebKit/537.36 (KHTML, like Gecko) Chrome/141.0.0.0 Safari/537.36 Edg/141.0.0.0"
}
-------------------
